# JRE version: Java(TM) SE Runtime Environment (11.0.2+9) (build 11.0.2+9-LTS)
# Java VM: Java HotSpot(TM) 64-Bit Server VM (11.0.2+9-LTS, mixed mode, tiered, compressed oops, g1 gc, linux-amd64)
Heap:
 garbage-first heap   total 267264K, used 22145K [0x0000000085400000, 0x0000000100000000)
  region size 1024K, 1 young (1024K), 1 survivors (1024K)
 Metaspace       used 58407K, capacity 59807K, committed 60160K, reserved 1101824K
  class space    used 7039K, capacity 7608K, committed 7680K, reserved 1048576K
GC Heap History (10 events):
Event: 4.642 GC heap after
{Heap after GC invocations=6 (full 0):
 garbage-first heap   total 152576K, used 11793K [0x0000000085400000, 0x0000000100000000)
  region size 1024K, 7 young (7168K), 7 survivors (7168K)
 Metaspace       used 32676K, capacity 33465K, committed 33664K, reserved 1079296K
  class space    used 3828K, capacity 4150K, committed 4224K, reserved 1048576K
}
Event: 5.238 GC heap before
{Heap before GC invocations=6 (full 0):
 garbage-first heap   total 152576K, used 28177K [0x0000000085400000, 0x0000000100000000)
  region size 1024K, 24 young (24576K), 7 survivors (7168K)
 Metaspace       used 34828K, capacity 35725K, committed 35840K, reserved 1081344K
  class space    used 4101K, capacity 4454K, committed 4480K, reserved 1048576K
}
Event: 5.258 GC heap after
{Heap after GC invocations=7 (full 0):
 garbage-first heap   total 152576K, used 13078K [0x0000000085400000, 0x0000000100000000)
  region size 1024K, 7 young (7168K), 7 survivors (7168K)
 Metaspace       used 34828K, capacity 35725K, committed 35840K, reserved 1081344K
  class space    used 4101K, capacity 4454K, committed 4480K, reserved 1048576K
}
Event: 7.400 GC heap before
{Heap before GC invocations=8 (full 0):
 garbage-first heap   total 152576K, used 94998K [0x0000000085400000, 0x0000000100000000)
  region size 1024K, 88 young (90112K), 7 survivors (7168K)
 Metaspace       used 47190K, capacity 48434K, committed 48768K, reserved 1091584K
  class space    used 5699K, capacity 6205K, committed 6272K, reserved 1048576K
}
Event: 7.415 GC heap after
{Heap after GC invocations=9 (full 0):
 garbage-first heap   total 152576K, used 18176K [0x0000000085400000, 0x0000000100000000)
  region size 1024K, 11 young (11264K), 11 survivors (11264K)
 Metaspace       used 47190K, capacity 48434K, committed 48768K, reserved 1091584K
  class space    used 5699K, capacity 6205K, committed 6272K, reserved 1048576K
}
Event: 174.426 GC heap before
{Heap before GC invocations=9 (full 0):
 garbage-first heap   total 152576K, used 98048K [0x0000000085400000, 0x0000000100000000)
  region size 1024K, 89 young (91136K), 11 survivors (11264K)
 Metaspace       used 58145K, capacity 59519K, committed 59904K, reserved 1101824K
  class space    used 7001K, capacity 7576K, committed 7680K, reserved 1048576K
}
Event: 174.463 GC heap after
{Heap after GC invocations=10 (full 0):
 garbage-first heap   total 152576K, used 20704K [0x0000000085400000, 0x0000000100000000)
  region size 1024K, 9 young (9216K), 9 survivors (9216K)
 Metaspace       used 58145K, capacity 59519K, committed 59904K, reserved 1101824K
  class space    used 7001K, capacity 7576K, committed 7680K, reserved 1048576K
}
Event: 603.165 GC heap before
{Heap before GC invocations=10 (full 0):
 garbage-first heap   total 152576K, used 39136K [0x0000000085400000, 0x0000000100000000)
  region size 1024K, 28 young (28672K), 9 survivors (9216K)
 Metaspace       used 58272K, capacity 59647K, committed 59904K, reserved 1101824K
  class space    used 7003K, capacity 7576K, committed 7680K, reserved 1048576K
}
Event: 621.529 GC heap after
{Heap after GC invocations=11 (full 0):
 garbage-first heap   total 152576K, used 21226K [0x0000000085400000, 0x0000000100000000)
  region size 1024K, 4 young (4096K), 4 survivors (4096K)
 Metaspace       used 58272K, capacity 59647K, committed 59904K, reserved 1101824K
  class space    used 7003K, capacity 7576K, committed 7680K, reserved 1048576K
}
Event: 3304.543 GC heap before
{Heap before GC invocations=12 (full 0):
 garbage-first heap   total 152576K, used 24298K [0x0000000085400000, 0x0000000100000000)
  region size 1024K, 7 young (7168K), 4 survivors (4096K)
 Metaspace       used 58407K, capacity 59807K, committed 60160K, reserved 1101824K
  class space    used 7039K, capacity 7608K, committed 7680K, reserved 1048576K
}

